<?xml version="1.0" encoding="UTF-8"?>
<!-- Generated by org.testng.reporters.JUnitReportReporter -->
<testsuite skipped="0" hostname="WFHW42NLPC0436" name="com.trivago.TestTrivago.test.TestTrivago" tests="2" failures="0" timestamp="2020-11-02T01:14:32 IST" time="164.916" errors="0">
  <testcase name="test2" time="155.855" classname="com.trivago.TestTrivago.test.TestTrivago"/>
  <system-out/>
  <testcase name="testLogin" time="9.061" classname="com.trivago.TestTrivago.test.TestTrivago"/>
  <system-out/>
</testsuite> <!-- com.trivago.TestTrivago.test.TestTrivago -->
